build/outputs/logs/manifest-merger-debug-report.txt
-- Merging decision tree log ---
manifest
ADDED from src/main/AndroidManifest.xml:19:1-160:12
INJECTED from src/main/AndroidManifest.xml:19:1-160:12
INJECTED from src/main/AndroidManifest.xml:19:1-160:12
INJECTED from src/main/AndroidManifest.xml:19:1-160:12
MERGED from [com.google.android.material:material:1.0.0] AndroidManifest.xml:17:1-24:12
MERGED from [androidx.appcompat:appcompat:1.0.0] AndroidManifest.xml:17:1-22:12
MERGED from [androidx.recyclerview:recyclerview:1.0.0] AndroidManifest.xml:17:1-22:12
MERGED from [com.google.android.exoplayer:exoplayer-ui:2.9.1] AndroidManifest.xml:17:1-24:12
MERGED from [androidx.media:media:1.0.0] AndroidManifest.xml:17:1-22:12
MERGED from [:android_prefetching_lib] AndroidManifest.xml:2:1-13:12
MERGED from [com.google.android.exoplayer:exoplayer-core:2.9.1] AndroidManifest.xml:17:1-26:12
MERGED from [androidx.lifecycle:lifecycle-extensions:2.0.0] AndroidManifest.xml:17:1-25:12
MERGED from [androidx.fragment:fragment:1.0.0] AndroidManifest.xml:17:1-22:12
MERGED from [androidx.vectordrawable:vectordrawable-animated:1.0.0] AndroidManifest.xml:17:1-22:12
MERGED from [androidx.legacy:legacy-support-core-ui:1.0.0] AndroidManifest.xml:17:1-22:12
MERGED from [androidx.legacy:legacy-support-core-utils:1.0.0] AndroidManifest.xml:17:1-22:12
MERGED from [androidx.vectordrawable:vectordrawable:1.0.0] AndroidManifest.xml:17:1-22:12
MERGED from [androidx.transition:transition:1.0.0] AndroidManifest.xml:17:1-22:12
MERGED from [androidx.room:room-runtime:2.1.0] AndroidManifest.xml:17:1-30:12
MERGED from [androidx.loader:loader:1.0.0] AndroidManifest.xml:17:1-22:12
MERGED from [androidx.viewpager:viewpager:1.0.0] AndroidManifest.xml:17:1-22:12
MERGED from [androidx.coordinatorlayout:coordinatorlayout:1.0.0] AndroidManifest.xml:17:1-22:12
MERGED from [androidx.drawerlayout:drawerlayout:1.0.0] AndroidManifest.xml:17:1-22:12
MERGED from [androidx.slidingpanelayout:slidingpanelayout:1.0.0] AndroidManifest.xml:17:1-22:12
MERGED from [androidx.customview:customview:1.0.0] AndroidManifest.xml:17:1-22:12
MERGED from [androidx.swiperefreshlayout:swiperefreshlayout:1.0.0] AndroidManifest.xml:17:1-22:12
MERGED from [androidx.asynclayoutinflater:asynclayoutinflater:1.0.0] AndroidManifest.xml:17:1-22:12
MERGED from [androidx.core:core:1.0.0] AndroidManifest.xml:17:1-24:12
MERGED from [androidx.versionedparcelable:versionedparcelable:1.0.0] AndroidManifest.xml:17:1-25:12
MERGED from [androidx.cursoradapter:cursoradapter:1.0.0] AndroidManifest.xml:17:1-22:12
MERGED from [androidx.cardview:cardview:1.0.0] AndroidManifest.xml:17:1-22:12
MERGED from [androidx.lifecycle:lifecycle-process:2.0.0] AndroidManifest.xml:17:1-30:12
MERGED from [androidx.lifecycle:lifecycle-service:2.0.0] AndroidManifest.xml:17:1-22:12
MERGED from [androidx.lifecycle:lifecycle-runtime:2.0.0] AndroidManifest.xml:17:1-22:12
MERGED from [androidx.documentfile:documentfile:1.0.0] AndroidManifest.xml:17:1-22:12
MERGED from [androidx.localbroadcastmanager:localbroadcastmanager:1.0.0] AndroidManifest.xml:17:1-22:12
MERGED from [androidx.print:print:1.0.0] AndroidManifest.xml:17:1-22:12
MERGED from [androidx.lifecycle:lifecycle-viewmodel:2.0.0] AndroidManifest.xml:17:1-22:12
MERGED from [androidx.interpolator:interpolator:1.0.0] AndroidManifest.xml:17:1-22:12
MERGED from [androidx.sqlite:sqlite-framework:2.0.1] AndroidManifest.xml:17:1-22:12
MERGED from [androidx.sqlite:sqlite:2.0.1] AndroidManifest.xml:17:1-22:12
MERGED from [androidx.lifecycle:lifecycle-livedata:2.0.0] AndroidManifest.xml:17:1-22:12
MERGED from [androidx.lifecycle:lifecycle-livedata-core:2.0.0] AndroidManifest.xml:17:1-22:12
MERGED from [androidx.arch.core:core-runtime:2.0.1] AndroidManifest.xml:17:1-22:12
INJECTED from src/main/AndroidManifest.xml:19:1-160:12
INJECTED from src/main/AndroidManifest.xml:19:1-160:12
INJECTED from src/main/AndroidManifest.xml:19:1-160:12
	package
		ADDED from src/main/AndroidManifest.xml:20:11-48
		INJECTED from src/main/AndroidManifest.xml
		INJECTED from src/main/AndroidManifest.xml
	android:versionName
		ADDED from src/main/AndroidManifest.xml:22:11-39
		INJECTED from src/main/AndroidManifest.xml
		INJECTED from src/main/AndroidManifest.xml
	xmlns:android
		ADDED from src/main/AndroidManifest.xml:19:11-69
	android:versionCode
		ADDED from src/main/AndroidManifest.xml:21:11-35
		INJECTED from src/main/AndroidManifest.xml
		INJECTED from src/main/AndroidManifest.xml
	android:installLocation
		ADDED from src/main/AndroidManifest.xml:23:11-41
uses-feature#0x00020000
ADDED from src/main/AndroidManifest.xml:25:5-78
	android:glEsVersion
		ADDED from src/main/AndroidManifest.xml:25:19-51
	android:required
		ADDED from src/main/AndroidManifest.xml:25:52-75
uses-permission#android.permission.INTERNET
ADDED from src/main/AndroidManifest.xml:27:5-67
	android:name
		ADDED from src/main/AndroidManifest.xml:27:22-64
uses-permission#android.permission.READ_EXTERNAL_STORAGE
ADDED from src/main/AndroidManifest.xml:28:5-80
MERGED from [:android_prefetching_lib] AndroidManifest.xml:11:5-80
MERGED from [:android_prefetching_lib] AndroidManifest.xml:11:5-80
	android:name
		ADDED from src/main/AndroidManifest.xml:28:22-77
uses-permission#android.permission.WRITE_EXTERNAL_STORAGE
ADDED from src/main/AndroidManifest.xml:29:5-81
	android:name
		ADDED from src/main/AndroidManifest.xml:29:22-78
uses-permission#android.permission.ACCESS_NETWORK_STATE
ADDED from src/main/AndroidManifest.xml:30:5-78
MERGED from [com.google.android.exoplayer:exoplayer-core:2.9.1] AndroidManifest.xml:24:5-79
MERGED from [com.google.android.exoplayer:exoplayer-core:2.9.1] AndroidManifest.xml:24:5-79
	android:name
		ADDED from src/main/AndroidManifest.xml:30:22-76
uses-permission#android.permission.RECEIVE_BOOT_COMPLETED
ADDED from src/main/AndroidManifest.xml:31:5-80
	android:name
		ADDED from src/main/AndroidManifest.xml:31:22-78
application
ADDED from src/main/AndroidManifest.xml:33:5-158:19
MERGED from [com.google.android.material:material:1.0.0] AndroidManifest.xml:22:5-20
MERGED from [com.google.android.material:material:1.0.0] AndroidManifest.xml:22:5-20
MERGED from [androidx.lifecycle:lifecycle-extensions:2.0.0] AndroidManifest.xml:22:5-23:19
MERGED from [androidx.lifecycle:lifecycle-extensions:2.0.0] AndroidManifest.xml:22:5-23:19
MERGED from [androidx.room:room-runtime:2.1.0] AndroidManifest.xml:24:5-28:19
MERGED from [androidx.room:room-runtime:2.1.0] AndroidManifest.xml:24:5-28:19
MERGED from [androidx.core:core:1.0.0] AndroidManifest.xml:22:5-89
MERGED from [androidx.core:core:1.0.0] AndroidManifest.xml:22:5-89
MERGED from [androidx.versionedparcelable:versionedparcelable:1.0.0] AndroidManifest.xml:22:5-23:19
MERGED from [androidx.versionedparcelable:versionedparcelable:1.0.0] AndroidManifest.xml:22:5-23:19
MERGED from [androidx.lifecycle:lifecycle-process:2.0.0] AndroidManifest.xml:22:5-28:19
MERGED from [androidx.lifecycle:lifecycle-process:2.0.0] AndroidManifest.xml:22:5-28:19
	android:appComponentFactory
		ADDED from [androidx.core:core:1.0.0] AndroidManifest.xml:22:18-86
	android:label
		ADDED from src/main/AndroidManifest.xml:35:18-50
	android:hardwareAccelerated
		ADDED from src/main/AndroidManifest.xml:38:18-52
	android:largeHeap
		ADDED from src/main/AndroidManifest.xml:37:18-42
	android:icon
		ADDED from src/main/AndroidManifest.xml:34:18-47
	android:allowBackup
		ADDED from src/main/AndroidManifest.xml:39:18-44
	android:theme
		ADDED from src/main/AndroidManifest.xml:36:18-51
	android:name
		ADDED from src/main/AndroidManifest.xml:33:18-70
meta-data#android.max_aspect
ADDED from src/main/AndroidManifest.xml:40:3-70
	android:value
		ADDED from src/main/AndroidManifest.xml:40:48-67
	android:name
		ADDED from src/main/AndroidManifest.xml:40:14-47
meta-data#com.lge.support.SPLIT_WINDOW
ADDED from src/main/AndroidManifest.xml:42:3-81
	android:value
		ADDED from src/main/AndroidManifest.xml:42:58-78
	android:name
		ADDED from src/main/AndroidManifest.xml:42:14-57
activity#org.quantumbadger.redreader.activities.MainActivity
ADDED from src/main/AndroidManifest.xml:44:9-56:20
	android:clearTaskOnLaunch
		ADDED from src/main/AndroidManifest.xml:46:19-52
	android:configChanges
		ADDED from src/main/AndroidManifest.xml:45:19-80
	android:alwaysRetainTaskState
		ADDED from src/main/AndroidManifest.xml:48:19-55
	android:finishOnTaskLaunch
		ADDED from src/main/AndroidManifest.xml:47:19-53
	android:name
		ADDED from src/main/AndroidManifest.xml:44:19-58
intent-filter#action:name:android.intent.action.MAIN+category:name:android.intent.category.LAUNCHER+category:name:android.intent.category.MULTIWINDOW_LAUNCHER
ADDED from src/main/AndroidManifest.xml:50:13-54:29
action#android.intent.action.MAIN
ADDED from src/main/AndroidManifest.xml:51:17-69
	android:name
		ADDED from src/main/AndroidManifest.xml:51:25-66
category#android.intent.category.LAUNCHER
ADDED from src/main/AndroidManifest.xml:52:17-77
	android:name
		ADDED from src/main/AndroidManifest.xml:52:27-74
category#android.intent.category.MULTIWINDOW_LAUNCHER
ADDED from src/main/AndroidManifest.xml:53:17-89
	android:name
		ADDED from src/main/AndroidManifest.xml:53:27-86
activity#org.quantumbadger.redreader.settings.SettingsActivity
ADDED from src/main/AndroidManifest.xml:58:9-59:83
	android:configChanges
		ADDED from src/main/AndroidManifest.xml:59:19-80
	android:name
		ADDED from src/main/AndroidManifest.xml:58:19-60
activity#org.quantumbadger.redreader.activities.LinkDispatchActivity
ADDED from src/main/AndroidManifest.xml:61:9-73:20
	android:name
		ADDED from src/main/AndroidManifest.xml:61:19-66
intent-filter#action:name:android.intent.action.VIEW+category:name:android.intent.category.BROWSABLE+category:name:android.intent.category.DEFAULT+data:host:*.reddit.com+data:host:*.reddit.com+data:host:redd.it+data:host:redd.it+data:host:reddit.com+data:host:reddit.com+data:scheme:http+data:scheme:http+data:scheme:http+data:scheme:https+data:scheme:https+data:scheme:https
ADDED from src/main/AndroidManifest.xml:62:13-72:29
action#android.intent.action.VIEW
ADDED from src/main/AndroidManifest.xml:63:17-69
	android:name
		ADDED from src/main/AndroidManifest.xml:63:25-66
category#android.intent.category.DEFAULT
ADDED from src/main/AndroidManifest.xml:64:17-76
	android:name
		ADDED from src/main/AndroidManifest.xml:64:27-73
category#android.intent.category.BROWSABLE
ADDED from src/main/AndroidManifest.xml:65:17-78
	android:name
		ADDED from src/main/AndroidManifest.xml:65:27-75
data
ADDED from src/main/AndroidManifest.xml:66:17-75
	android:host
		ADDED from src/main/AndroidManifest.xml:66:45-72
	android:scheme
		ADDED from src/main/AndroidManifest.xml:66:23-44
	android:mimeType
		ADDED from src/main/AndroidManifest.xml:121:23-52
activity#org.quantumbadger.redreader.activities.PostListingActivity
ADDED from src/main/AndroidManifest.xml:75:9-76:71
	android:configChanges
		ADDED from src/main/AndroidManifest.xml:76:7-68
	android:name
		ADDED from src/main/AndroidManifest.xml:75:19-65
activity#org.quantumbadger.redreader.activities.CommentListingActivity
ADDED from src/main/AndroidManifest.xml:78:9-79:71
	android:configChanges
		ADDED from src/main/AndroidManifest.xml:79:7-68
	android:name
		ADDED from src/main/AndroidManifest.xml:78:19-68
activity#org.quantumbadger.redreader.activities.ChangelogActivity
ADDED from src/main/AndroidManifest.xml:81:3-82:71
	android:configChanges
		ADDED from src/main/AndroidManifest.xml:82:7-68
	android:name
		ADDED from src/main/AndroidManifest.xml:81:13-57
activity#org.quantumbadger.redreader.activities.ImgurUploadActivity
ADDED from src/main/AndroidManifest.xml:84:3-85:71
	android:configChanges
		ADDED from src/main/AndroidManifest.xml:85:7-68
	android:name
		ADDED from src/main/AndroidManifest.xml:84:13-59
activity#org.quantumbadger.redreader.activities.MoreCommentsListingActivity
ADDED from src/main/AndroidManifest.xml:87:3-88:71
	android:configChanges
		ADDED from src/main/AndroidManifest.xml:88:7-68
	android:name
		ADDED from src/main/AndroidManifest.xml:87:13-67
activity#org.quantumbadger.redreader.activities.WebViewActivity
ADDED from src/main/AndroidManifest.xml:90:9-92:51
	android:configChanges
		ADDED from src/main/AndroidManifest.xml:91:19-80
	android:theme
		ADDED from src/main/AndroidManifest.xml:92:19-49
	android:name
		ADDED from src/main/AndroidManifest.xml:90:19-61
activity#org.quantumbadger.redreader.activities.HtmlViewActivity
ADDED from src/main/AndroidManifest.xml:94:9-95:82
	android:configChanges
		ADDED from src/main/AndroidManifest.xml:95:19-80
	android:name
		ADDED from src/main/AndroidManifest.xml:94:19-62
activity#org.quantumbadger.redreader.activities.OAuthLoginActivity
ADDED from src/main/AndroidManifest.xml:97:9-98:82
	android:configChanges
		ADDED from src/main/AndroidManifest.xml:98:19-80
	android:name
		ADDED from src/main/AndroidManifest.xml:97:19-64
activity#org.quantumbadger.redreader.activities.AlbumListingActivity
ADDED from src/main/AndroidManifest.xml:100:9-101:82
	android:configChanges
		ADDED from src/main/AndroidManifest.xml:101:19-80
	android:name
		ADDED from src/main/AndroidManifest.xml:100:19-66
activity#org.quantumbadger.redreader.activities.ImageViewActivity
ADDED from src/main/AndroidManifest.xml:103:9-105:51
	android:configChanges
		ADDED from src/main/AndroidManifest.xml:104:19-80
	android:theme
		ADDED from src/main/AndroidManifest.xml:105:19-49
	android:name
		ADDED from src/main/AndroidManifest.xml:103:19-63
activity#org.quantumbadger.redreader.activities.CommentReplyActivity
ADDED from src/main/AndroidManifest.xml:107:9-108:82
	android:configChanges
		ADDED from src/main/AndroidManifest.xml:108:19-80
	android:name
		ADDED from src/main/AndroidManifest.xml:107:19-66
activity#org.quantumbadger.redreader.activities.CommentEditActivity
ADDED from src/main/AndroidManifest.xml:110:9-111:82
	android:configChanges
		ADDED from src/main/AndroidManifest.xml:111:19-80
	android:name
		ADDED from src/main/AndroidManifest.xml:110:19-65
activity#org.quantumbadger.redreader.activities.PMSendActivity
ADDED from src/main/AndroidManifest.xml:113:3-114:70
	android:configChanges
		ADDED from src/main/AndroidManifest.xml:114:7-68
	android:name
		ADDED from src/main/AndroidManifest.xml:113:13-54
activity#org.quantumbadger.redreader.activities.PostSubmitActivity
ADDED from src/main/AndroidManifest.xml:116:9-123:20
	android:configChanges
		ADDED from src/main/AndroidManifest.xml:117:19-80
	android:name
		ADDED from src/main/AndroidManifest.xml:116:19-64
intent-filter#action:name:android.intent.action.SEND+category:name:android.intent.category.DEFAULT+data:mimeType:text/plain
ADDED from src/main/AndroidManifest.xml:118:13-122:29
action#android.intent.action.SEND
ADDED from src/main/AndroidManifest.xml:119:17-69
	android:name
		ADDED from src/main/AndroidManifest.xml:119:25-66
activity#org.quantumbadger.redreader.activities.BugReportActivity
ADDED from src/main/AndroidManifest.xml:125:9-127:56
	android:launchMode
		ADDED from src/main/AndroidManifest.xml:127:19-54
	android:configChanges
		ADDED from src/main/AndroidManifest.xml:126:19-80
	android:name
		ADDED from src/main/AndroidManifest.xml:125:19-63
activity#org.quantumbadger.redreader.activities.InboxListingActivity
ADDED from src/main/AndroidManifest.xml:129:9-130:82
	android:configChanges
		ADDED from src/main/AndroidManifest.xml:130:19-80
	android:name
		ADDED from src/main/AndroidManifest.xml:129:19-66
receiver#org.quantumbadger.redreader.receivers.NewMessageChecker
ADDED from src/main/AndroidManifest.xml:132:9-64
	android:name
		ADDED from src/main/AndroidManifest.xml:132:19-62
receiver#org.quantumbadger.redreader.receivers.RegularCachePruner
ADDED from src/main/AndroidManifest.xml:133:9-65
	android:name
		ADDED from src/main/AndroidManifest.xml:133:19-63
receiver#org.quantumbadger.redreader.receivers.BootReceiver
ADDED from src/main/AndroidManifest.xml:134:9-138:20
	android:name
		ADDED from src/main/AndroidManifest.xml:134:19-57
intent-filter#action:name:android.intent.action.BOOT_COMPLETED
ADDED from src/main/AndroidManifest.xml:135:13-137:29
action#android.intent.action.BOOT_COMPLETED
ADDED from src/main/AndroidManifest.xml:136:17-78
	android:name
		ADDED from src/main/AndroidManifest.xml:136:25-76
uses-library#com.sec.android.app.multiwindow
ADDED from src/main/AndroidManifest.xml:140:9-97
	android:required
		ADDED from src/main/AndroidManifest.xml:140:23-47
	android:name
		ADDED from src/main/AndroidManifest.xml:140:48-94
meta-data#com.sec.android.support.multiwindow
ADDED from src/main/AndroidManifest.xml:141:9-94
	android:value
		ADDED from src/main/AndroidManifest.xml:141:71-91
	android:name
		ADDED from src/main/AndroidManifest.xml:141:20-70
meta-data#com.sec.android.multiwindow.DEFAULT_SIZE_W
ADDED from src/main/AndroidManifest.xml:143:9-124
	android:resource
		ADDED from src/main/AndroidManifest.xml:143:78-121
	android:name
		ADDED from src/main/AndroidManifest.xml:143:20-77
meta-data#com.sec.android.multiwindow.DEFAULT_SIZE_H
ADDED from src/main/AndroidManifest.xml:144:9-124
	android:resource
		ADDED from src/main/AndroidManifest.xml:144:78-121
	android:name
		ADDED from src/main/AndroidManifest.xml:144:20-77
meta-data#com.sec.android.multiwindow.MINIMUM_SIZE_W
ADDED from src/main/AndroidManifest.xml:145:9-124
	android:resource
		ADDED from src/main/AndroidManifest.xml:145:78-121
	android:name
		ADDED from src/main/AndroidManifest.xml:145:20-77
meta-data#com.sec.android.multiwindow.MINIMUM_SIZE_H
ADDED from src/main/AndroidManifest.xml:146:9-124
	android:resource
		ADDED from src/main/AndroidManifest.xml:146:78-121
	android:name
		ADDED from src/main/AndroidManifest.xml:146:20-77
provider#androidx.core.content.FileProvider
ADDED from src/main/AndroidManifest.xml:148:3-157:14
	android:grantUriPermissions
		ADDED from src/main/AndroidManifest.xml:152:5-39
	android:authorities
		ADDED from src/main/AndroidManifest.xml:150:5-63
	android:exported
		ADDED from src/main/AndroidManifest.xml:151:5-29
	android:name
		ADDED from src/main/AndroidManifest.xml:149:5-54
meta-data#android.support.FILE_PROVIDER_PATHS
ADDED from src/main/AndroidManifest.xml:153:4-156:16
	android:resource
		ADDED from src/main/AndroidManifest.xml:155:6-40
	android:name
		ADDED from src/main/AndroidManifest.xml:154:6-56
uses-sdk
INJECTED from src/main/AndroidManifest.xml reason: use-sdk injection requested
INJECTED from src/main/AndroidManifest.xml
INJECTED from src/main/AndroidManifest.xml
MERGED from [com.google.android.material:material:1.0.0] AndroidManifest.xml:20:5-44
MERGED from [com.google.android.material:material:1.0.0] AndroidManifest.xml:20:5-44
MERGED from [androidx.appcompat:appcompat:1.0.0] AndroidManifest.xml:20:5-44
MERGED from [androidx.appcompat:appcompat:1.0.0] AndroidManifest.xml:20:5-44
MERGED from [androidx.recyclerview:recyclerview:1.0.0] AndroidManifest.xml:20:5-44
MERGED from [androidx.recyclerview:recyclerview:1.0.0] AndroidManifest.xml:20:5-44
MERGED from [com.google.android.exoplayer:exoplayer-ui:2.9.1] AndroidManifest.xml:20:5-22:41
MERGED from [com.google.android.exoplayer:exoplayer-ui:2.9.1] AndroidManifest.xml:20:5-22:41
MERGED from [androidx.media:media:1.0.0] AndroidManifest.xml:20:5-44
MERGED from [androidx.media:media:1.0.0] AndroidManifest.xml:20:5-44
MERGED from [:android_prefetching_lib] AndroidManifest.xml:7:5-9:41
MERGED from [:android_prefetching_lib] AndroidManifest.xml:7:5-9:41
MERGED from [com.google.android.exoplayer:exoplayer-core:2.9.1] AndroidManifest.xml:20:5-22:41
MERGED from [com.google.android.exoplayer:exoplayer-core:2.9.1] AndroidManifest.xml:20:5-22:41
MERGED from [androidx.lifecycle:lifecycle-extensions:2.0.0] AndroidManifest.xml:20:5-44
MERGED from [androidx.lifecycle:lifecycle-extensions:2.0.0] AndroidManifest.xml:20:5-44
MERGED from [androidx.fragment:fragment:1.0.0] AndroidManifest.xml:20:5-44
MERGED from [androidx.fragment:fragment:1.0.0] AndroidManifest.xml:20:5-44
MERGED from [androidx.vectordrawable:vectordrawable-animated:1.0.0] AndroidManifest.xml:20:5-44
MERGED from [androidx.vectordrawable:vectordrawable-animated:1.0.0] AndroidManifest.xml:20:5-44
MERGED from [androidx.legacy:legacy-support-core-ui:1.0.0] AndroidManifest.xml:20:5-44
MERGED from [androidx.legacy:legacy-support-core-ui:1.0.0] AndroidManifest.xml:20:5-44
MERGED from [androidx.legacy:legacy-support-core-utils:1.0.0] AndroidManifest.xml:20:5-44
MERGED from [androidx.legacy:legacy-support-core-utils:1.0.0] AndroidManifest.xml:20:5-44
MERGED from [androidx.vectordrawable:vectordrawable:1.0.0] AndroidManifest.xml:20:5-44
MERGED from [androidx.vectordrawable:vectordrawable:1.0.0] AndroidManifest.xml:20:5-44
MERGED from [androidx.transition:transition:1.0.0] AndroidManifest.xml:20:5-44
MERGED from [androidx.transition:transition:1.0.0] AndroidManifest.xml:20:5-44
MERGED from [androidx.room:room-runtime:2.1.0] AndroidManifest.xml:20:5-22:41
MERGED from [androidx.room:room-runtime:2.1.0] AndroidManifest.xml:20:5-22:41
MERGED from [androidx.loader:loader:1.0.0] AndroidManifest.xml:20:5-44
MERGED from [androidx.loader:loader:1.0.0] AndroidManifest.xml:20:5-44
MERGED from [androidx.viewpager:viewpager:1.0.0] AndroidManifest.xml:20:5-44
MERGED from [androidx.viewpager:viewpager:1.0.0] AndroidManifest.xml:20:5-44
MERGED from [androidx.coordinatorlayout:coordinatorlayout:1.0.0] AndroidManifest.xml:20:5-44
MERGED from [androidx.coordinatorlayout:coordinatorlayout:1.0.0] AndroidManifest.xml:20:5-44
MERGED from [androidx.drawerlayout:drawerlayout:1.0.0] AndroidManifest.xml:20:5-44
MERGED from [androidx.drawerlayout:drawerlayout:1.0.0] AndroidManifest.xml:20:5-44
MERGED from [androidx.slidingpanelayout:slidingpanelayout:1.0.0] AndroidManifest.xml:20:5-44
MERGED from [androidx.slidingpanelayout:slidingpanelayout:1.0.0] AndroidManifest.xml:20:5-44
MERGED from [androidx.customview:customview:1.0.0] AndroidManifest.xml:20:5-44
MERGED from [androidx.customview:customview:1.0.0] AndroidManifest.xml:20:5-44
MERGED from [androidx.swiperefreshlayout:swiperefreshlayout:1.0.0] AndroidManifest.xml:20:5-44
MERGED from [androidx.swiperefreshlayout:swiperefreshlayout:1.0.0] AndroidManifest.xml:20:5-44
MERGED from [androidx.asynclayoutinflater:asynclayoutinflater:1.0.0] AndroidManifest.xml:20:5-44
MERGED from [androidx.asynclayoutinflater:asynclayoutinflater:1.0.0] AndroidManifest.xml:20:5-44
MERGED from [androidx.core:core:1.0.0] AndroidManifest.xml:20:5-44
MERGED from [androidx.core:core:1.0.0] AndroidManifest.xml:20:5-44
MERGED from [androidx.versionedparcelable:versionedparcelable:1.0.0] AndroidManifest.xml:20:5-44
MERGED from [androidx.versionedparcelable:versionedparcelable:1.0.0] AndroidManifest.xml:20:5-44
MERGED from [androidx.cursoradapter:cursoradapter:1.0.0] AndroidManifest.xml:20:5-44
MERGED from [androidx.cursoradapter:cursoradapter:1.0.0] AndroidManifest.xml:20:5-44
MERGED from [androidx.cardview:cardview:1.0.0] AndroidManifest.xml:20:5-44
MERGED from [androidx.cardview:cardview:1.0.0] AndroidManifest.xml:20:5-44
MERGED from [androidx.lifecycle:lifecycle-process:2.0.0] AndroidManifest.xml:20:5-44
MERGED from [androidx.lifecycle:lifecycle-process:2.0.0] AndroidManifest.xml:20:5-44
MERGED from [androidx.lifecycle:lifecycle-service:2.0.0] AndroidManifest.xml:20:5-44
MERGED from [androidx.lifecycle:lifecycle-service:2.0.0] AndroidManifest.xml:20:5-44
MERGED from [androidx.lifecycle:lifecycle-runtime:2.0.0] AndroidManifest.xml:20:5-44
MERGED from [androidx.lifecycle:lifecycle-runtime:2.0.0] AndroidManifest.xml:20:5-44
MERGED from [androidx.documentfile:documentfile:1.0.0] AndroidManifest.xml:20:5-44
MERGED from [androidx.documentfile:documentfile:1.0.0] AndroidManifest.xml:20:5-44
MERGED from [androidx.localbroadcastmanager:localbroadcastmanager:1.0.0] AndroidManifest.xml:20:5-44
MERGED from [androidx.localbroadcastmanager:localbroadcastmanager:1.0.0] AndroidManifest.xml:20:5-44
MERGED from [androidx.print:print:1.0.0] AndroidManifest.xml:20:5-44
MERGED from [androidx.print:print:1.0.0] AndroidManifest.xml:20:5-44
MERGED from [androidx.lifecycle:lifecycle-viewmodel:2.0.0] AndroidManifest.xml:20:5-44
MERGED from [androidx.lifecycle:lifecycle-viewmodel:2.0.0] AndroidManifest.xml:20:5-44
MERGED from [androidx.interpolator:interpolator:1.0.0] AndroidManifest.xml:20:5-44
MERGED from [androidx.interpolator:interpolator:1.0.0] AndroidManifest.xml:20:5-44
MERGED from [androidx.sqlite:sqlite-framework:2.0.1] AndroidManifest.xml:20:5-44
MERGED from [androidx.sqlite:sqlite-framework:2.0.1] AndroidManifest.xml:20:5-44
MERGED from [androidx.sqlite:sqlite:2.0.1] AndroidManifest.xml:20:5-44
MERGED from [androidx.sqlite:sqlite:2.0.1] AndroidManifest.xml:20:5-44
MERGED from [androidx.lifecycle:lifecycle-livedata:2.0.0] AndroidManifest.xml:20:5-44
MERGED from [androidx.lifecycle:lifecycle-livedata:2.0.0] AndroidManifest.xml:20:5-44
MERGED from [androidx.lifecycle:lifecycle-livedata-core:2.0.0] AndroidManifest.xml:20:5-44
MERGED from [androidx.lifecycle:lifecycle-livedata-core:2.0.0] AndroidManifest.xml:20:5-44
MERGED from [androidx.arch.core:core-runtime:2.0.1] AndroidManifest.xml:20:5-44
MERGED from [androidx.arch.core:core-runtime:2.0.1] AndroidManifest.xml:20:5-44
INJECTED from src/main/AndroidManifest.xml
INJECTED from src/main/AndroidManifest.xml
	android:targetSdkVersion
		INJECTED from src/main/AndroidManifest.xml
		ADDED from src/main/AndroidManifest.xml
		INJECTED from src/main/AndroidManifest.xml
	android:minSdkVersion
		INJECTED from src/main/AndroidManifest.xml
		ADDED from src/main/AndroidManifest.xml
		INJECTED from src/main/AndroidManifest.xml
service#androidx.room.MultiInstanceInvalidationService
ADDED from [androidx.room:room-runtime:2.1.0] AndroidManifest.xml:25:9-27:40
	android:exported
		ADDED from [androidx.room:room-runtime:2.1.0] AndroidManifest.xml:27:13-37
	android:name
		ADDED from [androidx.room:room-runtime:2.1.0] AndroidManifest.xml:26:13-74
provider#androidx.lifecycle.ProcessLifecycleOwnerInitializer
ADDED from [androidx.lifecycle:lifecycle-process:2.0.0] AndroidManifest.xml:23:9-27:43
	android:authorities
		ADDED from [androidx.lifecycle:lifecycle-process:2.0.0] AndroidManifest.xml:25:13-69
	android:multiprocess
		ADDED from [androidx.lifecycle:lifecycle-process:2.0.0] AndroidManifest.xml:27:13-40
	android:exported
		ADDED from [androidx.lifecycle:lifecycle-process:2.0.0] AndroidManifest.xml:26:13-37
	android:name
		ADDED from [androidx.lifecycle:lifecycle-process:2.0.0] AndroidManifest.xml:24:13-79